0 info it worked if it ends with ok
1 verbose cli [ '/usr/local/Cellar/node/7.5.0/bin/node',
1 verbose cli   '/usr/local/bin/npm',
1 verbose cli   'run',
1 verbose cli   'babel' ]
2 info using npm@4.1.2
3 info using node@v7.5.0
4 verbose run-script [ 'prebabel', 'babel', 'postbabel' ]
5 info lifecycle React@1.0.0~prebabel: React@1.0.0
6 silly lifecycle React@1.0.0~prebabel: no script for prebabel, continuing
7 info lifecycle React@1.0.0~babel: React@1.0.0
8 verbose lifecycle React@1.0.0~babel: unsafe-perm in lifecycle true
9 verbose lifecycle React@1.0.0~babel: PATH: /usr/local/lib/node_modules/npm/bin/node-gyp-bin:/Users/vladalekseev/PhpstormProjects/React/node_modules/.bin:/usr/local/bin:/usr/bin:/bin:/usr/sbin:/sbin
10 verbose lifecycle React@1.0.0~babel: CWD: /Users/vladalekseev/PhpstormProjects/React
11 silly lifecycle React@1.0.0~babel: Args: [ '-c', 'babel' ]
12 info lifecycle React@1.0.0~babel: Failed to exec babel script
13 verbose stack Error: React@1.0.0 babel: `babel`
13 verbose stack spawn ENOENT
13 verbose stack     at ChildProcess.<anonymous> (/usr/local/lib/node_modules/npm/lib/utils/spawn.js:33:16)
13 verbose stack     at emitTwo (events.js:106:13)
13 verbose stack     at ChildProcess.emit (events.js:192:7)
13 verbose stack     at maybeClose (internal/child_process.js:890:16)
13 verbose stack     at Process.ChildProcess._handle.onexit (internal/child_process.js:226:5)
14 verbose pkgid React@1.0.0
15 verbose cwd /Users/vladalekseev/PhpstormProjects/React
16 error Darwin 16.6.0
17 error argv "/usr/local/Cellar/node/7.5.0/bin/node" "/usr/local/bin/npm" "run" "babel"
18 error node v7.5.0
19 error npm  v4.1.2
20 error file sh
21 error code ELIFECYCLE
22 error errno ENOENT
23 error syscall spawn
24 error React@1.0.0 babel: `babel`
24 error spawn ENOENT
25 error Failed at the React@1.0.0 babel script 'babel'.
25 error Make sure you have the latest version of node.js and npm installed.
25 error If you do, this is most likely a problem with the React package,
25 error not with npm itself.
25 error Tell the author that this fails on your system:
25 error     babel
25 error You can get information on how to open an issue for this project with:
25 error     npm bugs React
25 error Or if that isn't available, you can get their info via:
25 error     npm owner ls React
25 error There is likely additional logging output above.
26 verbose exit [ 1, true ]
